[days] complete=18  in-sample(orig16)=16  OOS-new=2: ['2026-06-17', '2026-06-18']
[days] all: ['2026-06-17', '2026-06-18', '2026-06-22', '2026-06-23', '2026-06-24', '2026-06-25', '2026-06-26', '2026-06-29', '2026-06-30', '2026-07-01', '2026-07-02', '2026-07-06', '2026-07-07', '2026-07-08', '2026-07-09', '2026-07-10', '2026-07-13', '2026-07-14']

[grid] enumerated cells = 42  Bonferroni alpha=0.00119 -> need P(mean>0) >= 0.99881

============================================================================================
ENGINE VALIDATION  pure-v1 (R0.25/S12/flip-unrestricted/no-node) on orig16
  n=389 mean=-2.9% med=-12.9% hit=31% total=-1138%   (operator_eye primary reported: n=389 mean=-2.9% hit=31%)
  exit reasons: {'stall': 152, 'flip': 225, 'eod': 12}

============================================================================================
TEST 1  V-RECLAIM LONG-ONLY  (no flips, no shorts, no higher-low; stall exit)
============================================================================================
   R%   S  gate  nTr    mean  hit    P>0  H1mean  H2mean  OOSn  OOSmean
-----------------------------------------------------------------------
 0.15  12 False   77   -6.8%  29%   3.6%    -9.0    -5.6     3    +1.7%
 0.15  12  True   39  -15.7%  23%   0.0%   -22.4   -11.1     3    +1.7%
 0.15  20 False   62   -7.1%  37%   8.0%   -14.7    -3.2     3    +3.3%
 0.15  20  True   32   -7.5%  44%  19.4%   -20.5    +1.4     3    +3.3%
 0.25  12 False   92  +10.4%  47%  97.4%   +17.7    +3.8    13    +4.7% <PRIMARY
 0.25  12  True   38   +4.4%  50%  78.2%    +7.1    -1.6    11    +4.5%
 0.25  20 False   80   +6.0%  45%  79.7%   +24.8    -8.6    10   +13.2%
 0.25  20  True   32   +5.5%  47%  70.6%   +16.0   -17.6     9    +8.4%
 0.35  12 False  110   -0.5%  41%  46.8%    +0.7    -1.7    28   -12.7%
 0.35  12  True   54  -13.5%  28%   0.0%   -11.9   -16.2    24   -11.5%
 0.35  20 False   94   -3.5%  45%  32.4%    -0.2    -6.4    22   -21.3%
 0.35  20  True   41   -6.8%  37%  23.9%    -4.5    -9.9    16    -9.6%

--- TEST 1 PRIMARY (R0.25/S12/ungated) frozen slice ---
  full: n=92 mean=+10.4% med=-1.3% hit=47% total=+960%  90%CI=[+1.8%,+18.1%] P(mean>0)=97.4%
  H1(2026-06-17..2026-06-30): n=44 mean=+17.7% med=+5.8% hit=57% total=+780%
  H2(2026-07-01..2026-07-14): n=48 mean=+3.8% med=-15.7% hit=38% total=+180%
  OOS-only ['2026-06-17', '2026-06-18']: n=13 mean=+4.7% med=+4.1% hit=54% total=+62%
  RANDOM(matched): n=1840 mean=-6.4% med=-15.6% hit=31% total=-11778%
  RANDOM H1 mean=-6.5% | H2 mean=-5.1%
  PASS BAR: beats_random_H1=True beats_random_H2=True pos_expectancy=True -> PASS

============================================================================================
TEST 2  v2 NODE-AWARE SWEEP  (full operator ruleset: V-reclaim+higher-low longs, flip shorts)
============================================================================================
  PZ% PSX    flip  nTr    mean  hit    P>0 flipN flipMean vetoBind pinBind pinN  pinMean
----------------------------------------------------------------------------------------
 0.15   2  vetoed  436   -1.8%  32%  23.2%   222    -5.4%       49      45   45    +2.7%
 0.15   2     off  308   -2.2%  35%  27.1%     0       --        0      62   62    -7.1%
 0.15   2      v1  458   -2.8%  31%  12.1%   252    -8.0%        0      34   34   -11.2%
 0.15   3  vetoed  433   -2.1%  32%  15.8%   222    -5.4%       52      43   43    +1.8%
 0.15   3     off  305   -2.9%  34%  20.7%     0       --        0      60   60    -9.3%
 0.15   3      v1  456   -2.7%  31%  13.2%   253    -8.0%        0      33   33   -11.1%
 0.30   2  vetoed  419   -1.7%  32%  28.1%   204    -6.3%       69      72   72    -5.2%
 0.30   2     off  299   -1.7%  33%  35.7%     0       --        0      89   89    -5.4%
 0.30   2      v1  454   -2.6%  30%  16.3%   257    -8.1%        0      55   55    -7.2%
 0.30   3  vetoed  413   -2.5%  31%  17.9%   204    -6.2%       78      67   67    -8.9%
 0.30   3     off  291   -2.7%  33%  24.6%     0       --        0      82   82    -8.1%
 0.30   3      v1  455   -2.9%  30%  11.5%   266    -8.1%        0      53   53   -11.4%
 0.45   2  vetoed  403   -1.9%  32%  23.7%   185    -6.2%       95      88   88    -5.1%
 0.45   2     off  296   -1.5%  34%  35.2%     0       --        0     103  103    -4.8%
 0.45   2      v1  453   -2.5%  31%  16.7%   263    -8.0%        0      65   65    -3.3%
 0.45   3  vetoed  394   -3.1%  31%  10.9%   186    -6.6%      108      77   77    -8.9%
 0.45   3     off  284   -2.6%  35%  27.4%     0       --        0      92   92    -7.1%
 0.45   3      v1  449   -3.0%  31%  10.6%   267    -8.2%        0      63   63    -8.0%

--- (b) PIN-HOLD isolation (flip=v1 fixed; node OFF vs ON at PZ0.30/PSX2 and PSX3) ---
  v1 no-pinhold       : n=458 mean=-2.7% med=-11.5% hit=31% total=-1243% | pinhold-extended trades: n=0 (binds=0)
  v1 +pinhold PSX2    : n=454 mean=-2.6% med=-11.3% hit=30% total=-1192% | pinhold-extended trades: n=55 mean=-7.2% med=-26.7% hit=25% total=-395% (binds=55)
  v1 +pinhold PSX3    : n=455 mean=-2.9% med=-11.2% hit=30% total=-1312% | pinhold-extended trades: n=53 mean=-11.4% med=-25.4% hit=25% total=-606% (binds=53)

  BEST v2 cell: PZ0.30/PSX2/flip=off -> n=299 mean=-1.7% med=-17.6% hit=33% total=-511% 90%CI=[-8.7%,+5.9%] P(mean>0)=33.7%

============================================================================================
ADDENDUM  full-ruleset R/S/day-context-gate sweep (node fixed PZ0.30/PSX2/flip=vetoed)
============================================================================================
   R%   S  gate  nTr    mean  hit    P>0 longN   longM shortN  shortM gateBlk
-----------------------------------------------------------------------------
 0.15  12 False  504   -8.3%  26%   0.0%   271    -9.1    233    -7.4       0
 0.15  12  True  191  -12.3%  29%   1.0%   110   -10.9     81   -14.3     944
 0.15  20 False  488   -9.4%  25%   0.0%   253    -8.8    235   -10.1       0
 0.15  20  True  154  -17.1%  32%   0.4%    85   -17.0     69   -17.3     937
 0.25  12 False  419   -1.7%  32%  26.1%   215    -1.8    204    -1.6       0
 0.25  12  True  162   -7.8%  31%   8.5%    78    -6.8     84    -8.8     719
 0.25  20 False  412   -3.7%  29%   5.9%   209    -4.3    203    -3.1       0
 0.25  20  True  141  -15.9%  29%   1.4%    67   -15.3     74   -16.5     714
 0.35  12 False  357   -2.2%  32%  27.7%   193    -5.3    164    +1.4       0
 0.35  12  True  165  -10.1%  30%   1.0%    84   -14.0     81    -6.1     573
 0.35  20 False  345   -4.5%  33%  15.0%   182    -7.4    163    -1.1       0
 0.35  20  True  134  -15.1%  28%   3.3%    66   -15.3     68   -14.9     567

--- CASE STUDIES  best gated cell R0.25/S12/gated vs matched ungated ---
  2026-07-13:
     ungated: n=32 mean=-15.9% med=-17.6% hit=19% total=-510%  sides={'LONG': 16, 'SHORT': 16}
     gated  : n=14 mean=-5.3% med=-9.9% hit=29% total=-75%  sides={'SHORT': 14}
  2026-07-14:
     ungated: n=23 mean=-5.5% med=-7.0% hit=39% total=-127%  sides={'SHORT': 10, 'LONG': 13}
     gated  : n=10 mean=-16.2% med=-10.2% hit=40% total=-162%  sides={'LONG': 10}
  2026-07-10:
     ungated: n=9 mean=-20.1% med=-25.2% hit=22% total=-181%  sides={'SHORT': 4, 'LONG': 5}
     gated  : n=4 mean=-35.6% med=-44.0% hit=25% total=-142%  sides={'SHORT': 2, 'LONG': 2}

============================================================================================
HEAD-TO-HEAD (full sample, all complete days)
============================================================================================
  vreclaim-LONG-only (T1 primary)             : n=92 mean=+10.4% med=-1.3% hit=47% total=+960%  90%CI=[+2.0%,+18.3%] P(mean>0)=97.7%
  best-v2 PZ0.30/PSX2/off                     : n=299 mean=-1.7% med=-17.6% hit=33% total=-511%  90%CI=[-8.7%,+5.5%] P(mean>0)=33.7%
  best-gated R0.25/S12                        : n=162 mean=-7.8% med=-16.3% hit=31% total=-1266%  90%CI=[-15.7%,+2.0%] P(mean>0)=9.1%
  v1 baseline (operator_eye primary)          : n=458 mean=-2.7% med=-11.5% hit=31% total=-1243%  90%CI=[-6.8%,+1.3%] P(mean>0)=13.6%
  random (vol-matched, T1 timing)             : n=1840 mean=-6.4% med=-15.6% hit=31% total=-11778%

[survivors clearing Bonferroni P>0>=0.9988 AND positive expectancy]: NONE
[emit] 92 events for 'vreclaim-long-only-primary' -> /Users/saiyeeshrathish/the final plan/apps/gex/research/swing-system/swing_v2_events.jsonl
[dump] /Users/saiyeeshrathish/the final plan/apps/gex/research/swing-system/swing_v2_results.json
